INFO - 2023-06-15 08:25:53 --> Session: Class initialized using 'CodeIgniter\Session\Handlers\FileHandler' driver.
INFO - 2023-06-15 08:25:55 --> Session: Class initialized using 'CodeIgniter\Session\Handlers\FileHandler' driver.
INFO - 2023-06-15 08:25:58 --> Session: Class initialized using 'CodeIgniter\Session\Handlers\FileHandler' driver.
INFO - 2023-06-15 08:26:09 --> Session: Class initialized using 'CodeIgniter\Session\Handlers\FileHandler' driver.
INFO - 2023-06-15 08:26:18 --> Session: Class initialized using 'CodeIgniter\Session\Handlers\FileHandler' driver.
INFO - 2023-06-15 08:26:21 --> Session: Class initialized using 'CodeIgniter\Session\Handlers\FileHandler' driver.
INFO - 2023-06-15 08:26:44 --> Session: Class initialized using 'CodeIgniter\Session\Handlers\FileHandler' driver.
INFO - 2023-06-15 08:28:06 --> Session: Class initialized using 'CodeIgniter\Session\Handlers\FileHandler' driver.
INFO - 2023-06-15 08:28:29 --> Session: Class initialized using 'CodeIgniter\Session\Handlers\FileHandler' driver.
INFO - 2023-06-15 08:29:01 --> Session: Class initialized using 'CodeIgniter\Session\Handlers\FileHandler' driver.
INFO - 2023-06-15 08:29:41 --> Session: Class initialized using 'CodeIgniter\Session\Handlers\FileHandler' driver.
INFO - 2023-06-15 08:30:29 --> Session: Class initialized using 'CodeIgniter\Session\Handlers\FileHandler' driver.
INFO - 2023-06-15 08:30:42 --> Session: Class initialized using 'CodeIgniter\Session\Handlers\FileHandler' driver.
INFO - 2023-06-15 08:36:16 --> Session: Class initialized using 'CodeIgniter\Session\Handlers\FileHandler' driver.
INFO - 2023-06-15 08:37:24 --> Session: Class initialized using 'CodeIgniter\Session\Handlers\FileHandler' driver.
INFO - 2023-06-15 08:37:34 --> Session: Class initialized using 'CodeIgniter\Session\Handlers\FileHandler' driver.
INFO - 2023-06-15 08:38:06 --> Session: Class initialized using 'CodeIgniter\Session\Handlers\FileHandler' driver.
INFO - 2023-06-15 08:38:13 --> Session: Class initialized using 'CodeIgniter\Session\Handlers\FileHandler' driver.
INFO - 2023-06-15 08:38:30 --> Session: Class initialized using 'CodeIgniter\Session\Handlers\FileHandler' driver.
INFO - 2023-06-15 08:38:32 --> Session: Class initialized using 'CodeIgniter\Session\Handlers\FileHandler' driver.
INFO - 2023-06-15 08:38:34 --> Session: Class initialized using 'CodeIgniter\Session\Handlers\FileHandler' driver.
INFO - 2023-06-15 08:38:36 --> Session: Class initialized using 'CodeIgniter\Session\Handlers\FileHandler' driver.
INFO - 2023-06-15 08:38:38 --> Session: Class initialized using 'CodeIgniter\Session\Handlers\FileHandler' driver.
INFO - 2023-06-15 08:39:58 --> Session: Class initialized using 'CodeIgniter\Session\Handlers\FileHandler' driver.
INFO - 2023-06-15 08:40:02 --> Session: Class initialized using 'CodeIgniter\Session\Handlers\FileHandler' driver.
INFO - 2023-06-15 08:40:09 --> Session: Class initialized using 'CodeIgniter\Session\Handlers\FileHandler' driver.
INFO - 2023-06-15 08:40:13 --> Session: Class initialized using 'CodeIgniter\Session\Handlers\FileHandler' driver.
INFO - 2023-06-15 08:40:17 --> Session: Class initialized using 'CodeIgniter\Session\Handlers\FileHandler' driver.
INFO - 2023-06-15 08:40:22 --> Session: Class initialized using 'CodeIgniter\Session\Handlers\FileHandler' driver.
INFO - 2023-06-15 08:40:32 --> Session: Class initialized using 'CodeIgniter\Session\Handlers\FileHandler' driver.
INFO - 2023-06-15 08:40:33 --> Session: Class initialized using 'CodeIgniter\Session\Handlers\FileHandler' driver.
INFO - 2023-06-15 08:40:37 --> Session: Class initialized using 'CodeIgniter\Session\Handlers\FileHandler' driver.
INFO - 2023-06-15 08:40:40 --> Session: Class initialized using 'CodeIgniter\Session\Handlers\FileHandler' driver.
INFO - 2023-06-15 08:40:44 --> Session: Class initialized using 'CodeIgniter\Session\Handlers\FileHandler' driver.
INFO - 2023-06-15 08:40:46 --> Session: Class initialized using 'CodeIgniter\Session\Handlers\FileHandler' driver.
INFO - 2023-06-15 08:40:59 --> Session: Class initialized using 'CodeIgniter\Session\Handlers\FileHandler' driver.
INFO - 2023-06-15 08:41:02 --> Session: Class initialized using 'CodeIgniter\Session\Handlers\FileHandler' driver.
INFO - 2023-06-15 08:41:27 --> Session: Class initialized using 'CodeIgniter\Session\Handlers\FileHandler' driver.
INFO - 2023-06-15 08:42:04 --> Session: Class initialized using 'CodeIgniter\Session\Handlers\FileHandler' driver.
INFO - 2023-06-15 08:42:48 --> Session: Class initialized using 'CodeIgniter\Session\Handlers\FileHandler' driver.
INFO - 2023-06-15 08:42:50 --> Session: Class initialized using 'CodeIgniter\Session\Handlers\FileHandler' driver.
INFO - 2023-06-15 08:42:57 --> Session: Class initialized using 'CodeIgniter\Session\Handlers\FileHandler' driver.
INFO - 2023-06-15 08:42:59 --> Session: Class initialized using 'CodeIgniter\Session\Handlers\FileHandler' driver.
INFO - 2023-06-15 08:43:00 --> Session: Class initialized using 'CodeIgniter\Session\Handlers\FileHandler' driver.
INFO - 2023-06-15 08:43:03 --> Session: Class initialized using 'CodeIgniter\Session\Handlers\FileHandler' driver.
INFO - 2023-06-15 08:43:14 --> Session: Class initialized using 'CodeIgniter\Session\Handlers\FileHandler' driver.
INFO - 2023-06-15 08:43:15 --> Session: Class initialized using 'CodeIgniter\Session\Handlers\FileHandler' driver.
INFO - 2023-06-15 08:43:20 --> Session: Class initialized using 'CodeIgniter\Session\Handlers\FileHandler' driver.
INFO - 2023-06-15 08:43:22 --> Session: Class initialized using 'CodeIgniter\Session\Handlers\FileHandler' driver.
INFO - 2023-06-15 08:43:33 --> Session: Class initialized using 'CodeIgniter\Session\Handlers\FileHandler' driver.
INFO - 2023-06-15 08:43:34 --> Session: Class initialized using 'CodeIgniter\Session\Handlers\FileHandler' driver.
INFO - 2023-06-15 08:43:36 --> Session: Class initialized using 'CodeIgniter\Session\Handlers\FileHandler' driver.
INFO - 2023-06-15 08:43:38 --> Session: Class initialized using 'CodeIgniter\Session\Handlers\FileHandler' driver.
INFO - 2023-06-15 08:44:23 --> Session: Class initialized using 'CodeIgniter\Session\Handlers\FileHandler' driver.
INFO - 2023-06-15 08:45:10 --> Session: Class initialized using 'CodeIgniter\Session\Handlers\FileHandler' driver.
INFO - 2023-06-15 08:45:23 --> Session: Class initialized using 'CodeIgniter\Session\Handlers\FileHandler' driver.
INFO - 2023-06-15 08:45:23 --> Session: Class initialized using 'CodeIgniter\Session\Handlers\FileHandler' driver.
INFO - 2023-06-15 08:45:26 --> Session: Class initialized using 'CodeIgniter\Session\Handlers\FileHandler' driver.
INFO - 2023-06-15 08:45:29 --> Session: Class initialized using 'CodeIgniter\Session\Handlers\FileHandler' driver.
INFO - 2023-06-15 08:45:32 --> Session: Class initialized using 'CodeIgniter\Session\Handlers\FileHandler' driver.
INFO - 2023-06-15 08:45:38 --> Session: Class initialized using 'CodeIgniter\Session\Handlers\FileHandler' driver.
CRITICAL - 2023-06-15 08:45:38 --> Undefined variable $row
in APPPATH\Views\pdf_template.php on line 50.
 1 APPPATH\Views\pdf_template.php(50): CodeIgniter\Debug\Exceptions->errorHandler(2, 'Undefined variable $row', 'C:\\xampps\\htdocs\\e-commerce-main\\app\\Views\\pdf_template.php', 50)
 2 SYSTEMPATH\View\View.php(213): include('C:\\xampps\\htdocs\\e-commerce-main\\app\\Views\\pdf_template.php')
 3 SYSTEMPATH\View\View.php(216): CodeIgniter\View\View->CodeIgniter\View\{closure}()
 4 SYSTEMPATH\Common.php(1184): CodeIgniter\View\View->render('pdf_template', [], true)
 5 APPPATH\Controllers\User.php(231): view('pdf_template', [...])
 6 SYSTEMPATH\CodeIgniter.php(934): App\Controllers\User->generatePDF('29')
 7 SYSTEMPATH\CodeIgniter.php(499): CodeIgniter\CodeIgniter->runController(Object(App\Controllers\User))
 8 SYSTEMPATH\CodeIgniter.php(368): CodeIgniter\CodeIgniter->handleRequest(null, Object(Config\Cache), false)
 9 FCPATH\index.php(67): CodeIgniter\CodeIgniter->run()
10 SYSTEMPATH\Commands\Server\rewrite.php(47): require_once('C:\\xampps\\htdocs\\e-commerce-main\\public\\index.php')
INFO - 2023-06-15 08:48:36 --> Session: Class initialized using 'CodeIgniter\Session\Handlers\FileHandler' driver.
INFO - 2023-06-15 08:48:39 --> Session: Class initialized using 'CodeIgniter\Session\Handlers\FileHandler' driver.
CRITICAL - 2023-06-15 08:48:39 --> Undefined variable $row
in APPPATH\Views\pdf_template.php on line 50.
 1 APPPATH\Views\pdf_template.php(50): CodeIgniter\Debug\Exceptions->errorHandler(2, 'Undefined variable $row', 'C:\\xampps\\htdocs\\e-commerce-main\\app\\Views\\pdf_template.php', 50)
 2 SYSTEMPATH\View\View.php(213): include('C:\\xampps\\htdocs\\e-commerce-main\\app\\Views\\pdf_template.php')
 3 SYSTEMPATH\View\View.php(216): CodeIgniter\View\View->CodeIgniter\View\{closure}()
 4 SYSTEMPATH\Common.php(1184): CodeIgniter\View\View->render('pdf_template', [], true)
 5 APPPATH\Controllers\User.php(231): view('pdf_template', [...])
 6 SYSTEMPATH\CodeIgniter.php(934): App\Controllers\User->generatePDF('29')
 7 SYSTEMPATH\CodeIgniter.php(499): CodeIgniter\CodeIgniter->runController(Object(App\Controllers\User))
 8 SYSTEMPATH\CodeIgniter.php(368): CodeIgniter\CodeIgniter->handleRequest(null, Object(Config\Cache), false)
 9 FCPATH\index.php(67): CodeIgniter\CodeIgniter->run()
10 SYSTEMPATH\Commands\Server\rewrite.php(47): require_once('C:\\xampps\\htdocs\\e-commerce-main\\public\\index.php')
INFO - 2023-06-15 08:48:41 --> Session: Class initialized using 'CodeIgniter\Session\Handlers\FileHandler' driver.
INFO - 2023-06-15 08:49:22 --> Session: Class initialized using 'CodeIgniter\Session\Handlers\FileHandler' driver.
CRITICAL - 2023-06-15 08:49:22 --> Undefined variable $row
in APPPATH\Views\pdf_template.php on line 50.
 1 APPPATH\Views\pdf_template.php(50): CodeIgniter\Debug\Exceptions->errorHandler(2, 'Undefined variable $row', 'C:\\xampps\\htdocs\\e-commerce-main\\app\\Views\\pdf_template.php', 50)
 2 SYSTEMPATH\View\View.php(213): include('C:\\xampps\\htdocs\\e-commerce-main\\app\\Views\\pdf_template.php')
 3 SYSTEMPATH\View\View.php(216): CodeIgniter\View\View->CodeIgniter\View\{closure}()
 4 SYSTEMPATH\Common.php(1184): CodeIgniter\View\View->render('pdf_template', [], true)
 5 APPPATH\Controllers\User.php(231): view('pdf_template', [...])
 6 SYSTEMPATH\CodeIgniter.php(934): App\Controllers\User->generatePDF('29')
 7 SYSTEMPATH\CodeIgniter.php(499): CodeIgniter\CodeIgniter->runController(Object(App\Controllers\User))
 8 SYSTEMPATH\CodeIgniter.php(368): CodeIgniter\CodeIgniter->handleRequest(null, Object(Config\Cache), false)
 9 FCPATH\index.php(67): CodeIgniter\CodeIgniter->run()
10 SYSTEMPATH\Commands\Server\rewrite.php(47): require_once('C:\\xampps\\htdocs\\e-commerce-main\\public\\index.php')
INFO - 2023-06-15 08:49:25 --> Session: Class initialized using 'CodeIgniter\Session\Handlers\FileHandler' driver.
CRITICAL - 2023-06-15 08:49:25 --> Undefined variable $row
in APPPATH\Views\pdf_template.php on line 50.
 1 APPPATH\Views\pdf_template.php(50): CodeIgniter\Debug\Exceptions->errorHandler(2, 'Undefined variable $row', 'C:\\xampps\\htdocs\\e-commerce-main\\app\\Views\\pdf_template.php', 50)
 2 SYSTEMPATH\View\View.php(213): include('C:\\xampps\\htdocs\\e-commerce-main\\app\\Views\\pdf_template.php')
 3 SYSTEMPATH\View\View.php(216): CodeIgniter\View\View->CodeIgniter\View\{closure}()
 4 SYSTEMPATH\Common.php(1184): CodeIgniter\View\View->render('pdf_template', [], true)
 5 APPPATH\Controllers\User.php(231): view('pdf_template', [...])
 6 SYSTEMPATH\CodeIgniter.php(934): App\Controllers\User->generatePDF('29')
 7 SYSTEMPATH\CodeIgniter.php(499): CodeIgniter\CodeIgniter->runController(Object(App\Controllers\User))
 8 SYSTEMPATH\CodeIgniter.php(368): CodeIgniter\CodeIgniter->handleRequest(null, Object(Config\Cache), false)
 9 FCPATH\index.php(67): CodeIgniter\CodeIgniter->run()
10 SYSTEMPATH\Commands\Server\rewrite.php(47): require_once('C:\\xampps\\htdocs\\e-commerce-main\\public\\index.php')
INFO - 2023-06-15 08:49:27 --> Session: Class initialized using 'CodeIgniter\Session\Handlers\FileHandler' driver.
INFO - 2023-06-15 08:49:28 --> Session: Class initialized using 'CodeIgniter\Session\Handlers\FileHandler' driver.
INFO - 2023-06-15 08:49:29 --> Session: Class initialized using 'CodeIgniter\Session\Handlers\FileHandler' driver.
INFO - 2023-06-15 08:49:32 --> Session: Class initialized using 'CodeIgniter\Session\Handlers\FileHandler' driver.
INFO - 2023-06-15 08:49:37 --> Session: Class initialized using 'CodeIgniter\Session\Handlers\FileHandler' driver.
INFO - 2023-06-15 08:49:38 --> Session: Class initialized using 'CodeIgniter\Session\Handlers\FileHandler' driver.
INFO - 2023-06-15 08:49:41 --> Session: Class initialized using 'CodeIgniter\Session\Handlers\FileHandler' driver.
INFO - 2023-06-15 08:49:44 --> Session: Class initialized using 'CodeIgniter\Session\Handlers\FileHandler' driver.
INFO - 2023-06-15 08:49:47 --> Session: Class initialized using 'CodeIgniter\Session\Handlers\FileHandler' driver.
INFO - 2023-06-15 08:50:41 --> Session: Class initialized using 'CodeIgniter\Session\Handlers\FileHandler' driver.
INFO - 2023-06-15 08:52:18 --> Session: Class initialized using 'CodeIgniter\Session\Handlers\FileHandler' driver.
INFO - 2023-06-15 08:52:19 --> Session: Class initialized using 'CodeIgniter\Session\Handlers\FileHandler' driver.
INFO - 2023-06-15 08:52:20 --> Session: Class initialized using 'CodeIgniter\Session\Handlers\FileHandler' driver.
INFO - 2023-06-15 08:52:21 --> Session: Class initialized using 'CodeIgniter\Session\Handlers\FileHandler' driver.
INFO - 2023-06-15 08:52:24 --> Session: Class initialized using 'CodeIgniter\Session\Handlers\FileHandler' driver.
INFO - 2023-06-15 08:52:30 --> Session: Class initialized using 'CodeIgniter\Session\Handlers\FileHandler' driver.
INFO - 2023-06-15 08:52:30 --> Session: Class initialized using 'CodeIgniter\Session\Handlers\FileHandler' driver.
INFO - 2023-06-15 08:52:33 --> Session: Class initialized using 'CodeIgniter\Session\Handlers\FileHandler' driver.
INFO - 2023-06-15 08:52:36 --> Session: Class initialized using 'CodeIgniter\Session\Handlers\FileHandler' driver.
INFO - 2023-06-15 08:52:39 --> Session: Class initialized using 'CodeIgniter\Session\Handlers\FileHandler' driver.
CRITICAL - 2023-06-15 08:52:39 --> Undefined variable $row
in APPPATH\Views\pdf_template.php on line 50.
 1 APPPATH\Views\pdf_template.php(50): CodeIgniter\Debug\Exceptions->errorHandler(2, 'Undefined variable $row', 'C:\\xampps\\htdocs\\e-commerce-main\\app\\Views\\pdf_template.php', 50)
 2 SYSTEMPATH\View\View.php(213): include('C:\\xampps\\htdocs\\e-commerce-main\\app\\Views\\pdf_template.php')
 3 SYSTEMPATH\View\View.php(216): CodeIgniter\View\View->CodeIgniter\View\{closure}()
 4 SYSTEMPATH\Common.php(1184): CodeIgniter\View\View->render('pdf_template', [], true)
 5 APPPATH\Controllers\User.php(231): view('pdf_template', [...])
 6 SYSTEMPATH\CodeIgniter.php(934): App\Controllers\User->generatePDF('29')
 7 SYSTEMPATH\CodeIgniter.php(499): CodeIgniter\CodeIgniter->runController(Object(App\Controllers\User))
 8 SYSTEMPATH\CodeIgniter.php(368): CodeIgniter\CodeIgniter->handleRequest(null, Object(Config\Cache), false)
 9 FCPATH\index.php(67): CodeIgniter\CodeIgniter->run()
10 SYSTEMPATH\Commands\Server\rewrite.php(47): require_once('C:\\xampps\\htdocs\\e-commerce-main\\public\\index.php')
INFO - 2023-06-15 08:54:10 --> Session: Class initialized using 'CodeIgniter\Session\Handlers\FileHandler' driver.
CRITICAL - 2023-06-15 08:54:10 --> Undefined variable $row
in APPPATH\Views\pdf_template.php on line 50.
 1 APPPATH\Views\pdf_template.php(50): CodeIgniter\Debug\Exceptions->errorHandler(2, 'Undefined variable $row', 'C:\\xampps\\htdocs\\e-commerce-main\\app\\Views\\pdf_template.php', 50)
 2 SYSTEMPATH\View\View.php(213): include('C:\\xampps\\htdocs\\e-commerce-main\\app\\Views\\pdf_template.php')
 3 SYSTEMPATH\View\View.php(216): CodeIgniter\View\View->CodeIgniter\View\{closure}()
 4 SYSTEMPATH\Common.php(1184): CodeIgniter\View\View->render('pdf_template', [], true)
 5 APPPATH\Controllers\User.php(231): view('pdf_template', [...])
 6 SYSTEMPATH\CodeIgniter.php(934): App\Controllers\User->generatePDF('29')
 7 SYSTEMPATH\CodeIgniter.php(499): CodeIgniter\CodeIgniter->runController(Object(App\Controllers\User))
 8 SYSTEMPATH\CodeIgniter.php(368): CodeIgniter\CodeIgniter->handleRequest(null, Object(Config\Cache), false)
 9 FCPATH\index.php(67): CodeIgniter\CodeIgniter->run()
10 SYSTEMPATH\Commands\Server\rewrite.php(47): require_once('C:\\xampps\\htdocs\\e-commerce-main\\public\\index.php')
INFO - 2023-06-15 08:55:22 --> Session: Class initialized using 'CodeIgniter\Session\Handlers\FileHandler' driver.
CRITICAL - 2023-06-15 08:55:22 --> Undefined variable $row
in APPPATH\Views\pdf_template.php on line 50.
 1 APPPATH\Views\pdf_template.php(50): CodeIgniter\Debug\Exceptions->errorHandler(2, 'Undefined variable $row', 'C:\\xampps\\htdocs\\e-commerce-main\\app\\Views\\pdf_template.php', 50)
 2 SYSTEMPATH\View\View.php(213): include('C:\\xampps\\htdocs\\e-commerce-main\\app\\Views\\pdf_template.php')
 3 SYSTEMPATH\View\View.php(216): CodeIgniter\View\View->CodeIgniter\View\{closure}()
 4 SYSTEMPATH\Common.php(1184): CodeIgniter\View\View->render('pdf_template', [], true)
 5 APPPATH\Controllers\User.php(239): view('pdf_template', [...])
 6 SYSTEMPATH\CodeIgniter.php(934): App\Controllers\User->generatePDF('29')
 7 SYSTEMPATH\CodeIgniter.php(499): CodeIgniter\CodeIgniter->runController(Object(App\Controllers\User))
 8 SYSTEMPATH\CodeIgniter.php(368): CodeIgniter\CodeIgniter->handleRequest(null, Object(Config\Cache), false)
 9 FCPATH\index.php(67): CodeIgniter\CodeIgniter->run()
10 SYSTEMPATH\Commands\Server\rewrite.php(47): require_once('C:\\xampps\\htdocs\\e-commerce-main\\public\\index.php')
INFO - 2023-06-15 08:55:24 --> Session: Class initialized using 'CodeIgniter\Session\Handlers\FileHandler' driver.
INFO - 2023-06-15 08:55:31 --> Session: Class initialized using 'CodeIgniter\Session\Handlers\FileHandler' driver.
INFO - 2023-06-15 08:57:25 --> Session: Class initialized using 'CodeIgniter\Session\Handlers\FileHandler' driver.
INFO - 2023-06-15 08:59:44 --> Session: Class initialized using 'CodeIgniter\Session\Handlers\FileHandler' driver.
CRITICAL - 2023-06-15 08:59:45 --> Undefined variable $row
in APPPATH\Views\pdf_template.php on line 50.
 1 APPPATH\Views\pdf_template.php(50): CodeIgniter\Debug\Exceptions->errorHandler(2, 'Undefined variable $row', 'C:\\xampps\\htdocs\\e-commerce-main\\app\\Views\\pdf_template.php', 50)
 2 SYSTEMPATH\View\View.php(213): include('C:\\xampps\\htdocs\\e-commerce-main\\app\\Views\\pdf_template.php')
 3 SYSTEMPATH\View\View.php(216): CodeIgniter\View\View->CodeIgniter\View\{closure}()
 4 SYSTEMPATH\Common.php(1184): CodeIgniter\View\View->render('pdf_template', [], true)
 5 APPPATH\Controllers\User.php(231): view('pdf_template', [...])
 6 SYSTEMPATH\CodeIgniter.php(934): App\Controllers\User->generatePDF('29')
 7 SYSTEMPATH\CodeIgniter.php(499): CodeIgniter\CodeIgniter->runController(Object(App\Controllers\User))
 8 SYSTEMPATH\CodeIgniter.php(368): CodeIgniter\CodeIgniter->handleRequest(null, Object(Config\Cache), false)
 9 FCPATH\index.php(67): CodeIgniter\CodeIgniter->run()
10 SYSTEMPATH\Commands\Server\rewrite.php(47): require_once('C:\\xampps\\htdocs\\e-commerce-main\\public\\index.php')
INFO - 2023-06-15 08:59:52 --> Session: Class initialized using 'CodeIgniter\Session\Handlers\FileHandler' driver.
CRITICAL - 2023-06-15 08:59:52 --> Undefined variable $row
in APPPATH\Views\pdf_template.php on line 55.
 1 APPPATH\Views\pdf_template.php(55): CodeIgniter\Debug\Exceptions->errorHandler(2, 'Undefined variable $row', 'C:\\xampps\\htdocs\\e-commerce-main\\app\\Views\\pdf_template.php', 55)
 2 SYSTEMPATH\View\View.php(213): include('C:\\xampps\\htdocs\\e-commerce-main\\app\\Views\\pdf_template.php')
 3 SYSTEMPATH\View\View.php(216): CodeIgniter\View\View->CodeIgniter\View\{closure}()
 4 SYSTEMPATH\Common.php(1184): CodeIgniter\View\View->render('pdf_template', [], true)
 5 APPPATH\Controllers\User.php(231): view('pdf_template', [...])
 6 SYSTEMPATH\CodeIgniter.php(934): App\Controllers\User->generatePDF('29')
 7 SYSTEMPATH\CodeIgniter.php(499): CodeIgniter\CodeIgniter->runController(Object(App\Controllers\User))
 8 SYSTEMPATH\CodeIgniter.php(368): CodeIgniter\CodeIgniter->handleRequest(null, Object(Config\Cache), false)
 9 FCPATH\index.php(67): CodeIgniter\CodeIgniter->run()
10 SYSTEMPATH\Commands\Server\rewrite.php(47): require_once('C:\\xampps\\htdocs\\e-commerce-main\\public\\index.php')
INFO - 2023-06-15 09:00:11 --> Session: Class initialized using 'CodeIgniter\Session\Handlers\FileHandler' driver.
INFO - 2023-06-15 09:02:09 --> Session: Class initialized using 'CodeIgniter\Session\Handlers\FileHandler' driver.
INFO - 2023-06-15 09:02:13 --> Session: Class initialized using 'CodeIgniter\Session\Handlers\FileHandler' driver.
INFO - 2023-06-15 09:02:39 --> Session: Class initialized using 'CodeIgniter\Session\Handlers\FileHandler' driver.
INFO - 2023-06-15 09:02:43 --> Session: Class initialized using 'CodeIgniter\Session\Handlers\FileHandler' driver.
INFO - 2023-06-15 09:03:30 --> Session: Class initialized using 'CodeIgniter\Session\Handlers\FileHandler' driver.
INFO - 2023-06-15 09:05:08 --> Session: Class initialized using 'CodeIgniter\Session\Handlers\FileHandler' driver.
INFO - 2023-06-15 09:05:35 --> Session: Class initialized using 'CodeIgniter\Session\Handlers\FileHandler' driver.
INFO - 2023-06-15 09:05:46 --> Session: Class initialized using 'CodeIgniter\Session\Handlers\FileHandler' driver.
INFO - 2023-06-15 09:06:06 --> Session: Class initialized using 'CodeIgniter\Session\Handlers\FileHandler' driver.
INFO - 2023-06-15 09:06:15 --> Session: Class initialized using 'CodeIgniter\Session\Handlers\FileHandler' driver.
INFO - 2023-06-15 09:06:26 --> Session: Class initialized using 'CodeIgniter\Session\Handlers\FileHandler' driver.
INFO - 2023-06-15 09:07:52 --> Session: Class initialized using 'CodeIgniter\Session\Handlers\FileHandler' driver.
INFO - 2023-06-15 09:08:08 --> Session: Class initialized using 'CodeIgniter\Session\Handlers\FileHandler' driver.
INFO - 2023-06-15 09:08:26 --> Session: Class initialized using 'CodeIgniter\Session\Handlers\FileHandler' driver.
INFO - 2023-06-15 09:08:30 --> Session: Class initialized using 'CodeIgniter\Session\Handlers\FileHandler' driver.
INFO - 2023-06-15 09:08:31 --> Session: Class initialized using 'CodeIgniter\Session\Handlers\FileHandler' driver.
INFO - 2023-06-15 09:08:36 --> Session: Class initialized using 'CodeIgniter\Session\Handlers\FileHandler' driver.
INFO - 2023-06-15 09:08:43 --> Session: Class initialized using 'CodeIgniter\Session\Handlers\FileHandler' driver.
INFO - 2023-06-15 09:08:44 --> Session: Class initialized using 'CodeIgniter\Session\Handlers\FileHandler' driver.
INFO - 2023-06-15 09:08:46 --> Session: Class initialized using 'CodeIgniter\Session\Handlers\FileHandler' driver.
INFO - 2023-06-15 09:08:48 --> Session: Class initialized using 'CodeIgniter\Session\Handlers\FileHandler' driver.
INFO - 2023-06-15 09:08:52 --> Session: Class initialized using 'CodeIgniter\Session\Handlers\FileHandler' driver.
INFO - 2023-06-15 09:08:58 --> Session: Class initialized using 'CodeIgniter\Session\Handlers\FileHandler' driver.
INFO - 2023-06-15 09:09:07 --> Session: Class initialized using 'CodeIgniter\Session\Handlers\FileHandler' driver.
INFO - 2023-06-15 09:09:08 --> Session: Class initialized using 'CodeIgniter\Session\Handlers\FileHandler' driver.
INFO - 2023-06-15 09:09:11 --> Session: Class initialized using 'CodeIgniter\Session\Handlers\FileHandler' driver.
INFO - 2023-06-15 09:09:14 --> Session: Class initialized using 'CodeIgniter\Session\Handlers\FileHandler' driver.
INFO - 2023-06-15 09:09:27 --> Session: Class initialized using 'CodeIgniter\Session\Handlers\FileHandler' driver.
INFO - 2023-06-15 09:09:29 --> Session: Class initialized using 'CodeIgniter\Session\Handlers\FileHandler' driver.
INFO - 2023-06-15 09:10:25 --> Session: Class initialized using 'CodeIgniter\Session\Handlers\FileHandler' driver.
INFO - 2023-06-15 09:10:26 --> Session: Class initialized using 'CodeIgniter\Session\Handlers\FileHandler' driver.
INFO - 2023-06-15 09:10:35 --> Session: Class initialized using 'CodeIgniter\Session\Handlers\FileHandler' driver.
INFO - 2023-06-15 09:10:38 --> Session: Class initialized using 'CodeIgniter\Session\Handlers\FileHandler' driver.
INFO - 2023-06-15 09:10:51 --> Session: Class initialized using 'CodeIgniter\Session\Handlers\FileHandler' driver.
INFO - 2023-06-15 09:11:03 --> Session: Class initialized using 'CodeIgniter\Session\Handlers\FileHandler' driver.
INFO - 2023-06-15 09:11:05 --> Session: Class initialized using 'CodeIgniter\Session\Handlers\FileHandler' driver.
INFO - 2023-06-15 09:11:09 --> Session: Class initialized using 'CodeIgniter\Session\Handlers\FileHandler' driver.
INFO - 2023-06-15 09:11:09 --> Session: Class initialized using 'CodeIgniter\Session\Handlers\FileHandler' driver.
INFO - 2023-06-15 09:11:11 --> Session: Class initialized using 'CodeIgniter\Session\Handlers\FileHandler' driver.
INFO - 2023-06-15 09:11:13 --> Session: Class initialized using 'CodeIgniter\Session\Handlers\FileHandler' driver.
INFO - 2023-06-15 09:12:50 --> Session: Class initialized using 'CodeIgniter\Session\Handlers\FileHandler' driver.
INFO - 2023-06-15 09:13:03 --> Session: Class initialized using 'CodeIgniter\Session\Handlers\FileHandler' driver.
INFO - 2023-06-15 09:14:32 --> Session: Class initialized using 'CodeIgniter\Session\Handlers\FileHandler' driver.
INFO - 2023-06-15 09:14:40 --> Session: Class initialized using 'CodeIgniter\Session\Handlers\FileHandler' driver.
INFO - 2023-06-15 09:15:03 --> Session: Class initialized using 'CodeIgniter\Session\Handlers\FileHandler' driver.
CRITICAL - 2023-06-15 09:15:03 --> insertBatch() has no data.
in SYSTEMPATH\Database\BaseBuilder.php on line 1772.
 1 SYSTEMPATH\Database\BaseBuilder.php(2192): CodeIgniter\Database\BaseBuilder->batchExecute('_insertBatch', 100)
 2 APPPATH\Controllers\User.php(158): CodeIgniter\Database\BaseBuilder->insertBatch([])
 3 SYSTEMPATH\CodeIgniter.php(934): App\Controllers\User->chekout()
 4 SYSTEMPATH\CodeIgniter.php(499): CodeIgniter\CodeIgniter->runController(Object(App\Controllers\User))
 5 SYSTEMPATH\CodeIgniter.php(368): CodeIgniter\CodeIgniter->handleRequest(null, Object(Config\Cache), false)
 6 FCPATH\index.php(67): CodeIgniter\CodeIgniter->run()
 7 SYSTEMPATH\Commands\Server\rewrite.php(47): require_once('C:\\xampps\\htdocs\\e-commerce-main\\public\\index.php')
INFO - 2023-06-15 09:16:29 --> Session: Class initialized using 'CodeIgniter\Session\Handlers\FileHandler' driver.
INFO - 2023-06-15 09:16:32 --> Session: Class initialized using 'CodeIgniter\Session\Handlers\FileHandler' driver.
INFO - 2023-06-15 09:16:35 --> Session: Class initialized using 'CodeIgniter\Session\Handlers\FileHandler' driver.
INFO - 2023-06-15 09:16:37 --> Session: Class initialized using 'CodeIgniter\Session\Handlers\FileHandler' driver.
INFO - 2023-06-15 09:16:41 --> Session: Class initialized using 'CodeIgniter\Session\Handlers\FileHandler' driver.
INFO - 2023-06-15 09:16:41 --> Session: Class initialized using 'CodeIgniter\Session\Handlers\FileHandler' driver.
INFO - 2023-06-15 09:16:43 --> Session: Class initialized using 'CodeIgniter\Session\Handlers\FileHandler' driver.
INFO - 2023-06-15 09:16:47 --> Session: Class initialized using 'CodeIgniter\Session\Handlers\FileHandler' driver.
INFO - 2023-06-15 09:16:55 --> Session: Class initialized using 'CodeIgniter\Session\Handlers\FileHandler' driver.
INFO - 2023-06-15 09:16:55 --> Session: Class initialized using 'CodeIgniter\Session\Handlers\FileHandler' driver.
INFO - 2023-06-15 09:16:58 --> Session: Class initialized using 'CodeIgniter\Session\Handlers\FileHandler' driver.
INFO - 2023-06-15 09:17:00 --> Session: Class initialized using 'CodeIgniter\Session\Handlers\FileHandler' driver.
INFO - 2023-06-15 09:17:03 --> Session: Class initialized using 'CodeIgniter\Session\Handlers\FileHandler' driver.
INFO - 2023-06-15 09:17:05 --> Session: Class initialized using 'CodeIgniter\Session\Handlers\FileHandler' driver.
INFO - 2023-06-15 09:17:08 --> Session: Class initialized using 'CodeIgniter\Session\Handlers\FileHandler' driver.
INFO - 2023-06-15 09:17:12 --> Session: Class initialized using 'CodeIgniter\Session\Handlers\FileHandler' driver.
INFO - 2023-06-15 09:17:17 --> Session: Class initialized using 'CodeIgniter\Session\Handlers\FileHandler' driver.
INFO - 2023-06-15 09:17:21 --> Session: Class initialized using 'CodeIgniter\Session\Handlers\FileHandler' driver.
INFO - 2023-06-15 09:17:21 --> Session: Class initialized using 'CodeIgniter\Session\Handlers\FileHandler' driver.
INFO - 2023-06-15 09:17:23 --> Session: Class initialized using 'CodeIgniter\Session\Handlers\FileHandler' driver.
INFO - 2023-06-15 09:17:29 --> Session: Class initialized using 'CodeIgniter\Session\Handlers\FileHandler' driver.
INFO - 2023-06-15 09:17:29 --> Session: Class initialized using 'CodeIgniter\Session\Handlers\FileHandler' driver.
INFO - 2023-06-15 09:17:44 --> Session: Class initialized using 'CodeIgniter\Session\Handlers\FileHandler' driver.
INFO - 2023-06-15 09:17:46 --> Session: Class initialized using 'CodeIgniter\Session\Handlers\FileHandler' driver.
INFO - 2023-06-15 09:18:02 --> Session: Class initialized using 'CodeIgniter\Session\Handlers\FileHandler' driver.
INFO - 2023-06-15 09:18:02 --> Session: Class initialized using 'CodeIgniter\Session\Handlers\FileHandler' driver.
INFO - 2023-06-15 09:18:06 --> Session: Class initialized using 'CodeIgniter\Session\Handlers\FileHandler' driver.
INFO - 2023-06-15 09:18:09 --> Session: Class initialized using 'CodeIgniter\Session\Handlers\FileHandler' driver.
INFO - 2023-06-15 09:18:33 --> Session: Class initialized using 'CodeIgniter\Session\Handlers\FileHandler' driver.
INFO - 2023-06-15 09:18:37 --> Session: Class initialized using 'CodeIgniter\Session\Handlers\FileHandler' driver.
INFO - 2023-06-15 09:18:41 --> Session: Class initialized using 'CodeIgniter\Session\Handlers\FileHandler' driver.
INFO - 2023-06-15 09:18:41 --> Session: Class initialized using 'CodeIgniter\Session\Handlers\FileHandler' driver.
INFO - 2023-06-15 09:18:59 --> Session: Class initialized using 'CodeIgniter\Session\Handlers\FileHandler' driver.
INFO - 2023-06-15 09:19:02 --> Session: Class initialized using 'CodeIgniter\Session\Handlers\FileHandler' driver.
INFO - 2023-06-15 09:19:02 --> Session: Class initialized using 'CodeIgniter\Session\Handlers\FileHandler' driver.
INFO - 2023-06-15 09:19:59 --> Session: Class initialized using 'CodeIgniter\Session\Handlers\FileHandler' driver.
INFO - 2023-06-15 09:20:25 --> Session: Class initialized using 'CodeIgniter\Session\Handlers\FileHandler' driver.
INFO - 2023-06-15 09:20:27 --> Session: Class initialized using 'CodeIgniter\Session\Handlers\FileHandler' driver.
INFO - 2023-06-15 09:20:34 --> Session: Class initialized using 'CodeIgniter\Session\Handlers\FileHandler' driver.
INFO - 2023-06-15 09:21:14 --> Session: Class initialized using 'CodeIgniter\Session\Handlers\FileHandler' driver.
INFO - 2023-06-15 09:21:17 --> Session: Class initialized using 'CodeIgniter\Session\Handlers\FileHandler' driver.
INFO - 2023-06-15 09:21:40 --> Session: Class initialized using 'CodeIgniter\Session\Handlers\FileHandler' driver.
INFO - 2023-06-15 09:21:46 --> Session: Class initialized using 'CodeIgniter\Session\Handlers\FileHandler' driver.
INFO - 2023-06-15 09:22:27 --> Session: Class initialized using 'CodeIgniter\Session\Handlers\FileHandler' driver.
INFO - 2023-06-15 09:22:48 --> Session: Class initialized using 'CodeIgniter\Session\Handlers\FileHandler' driver.
INFO - 2023-06-15 09:22:48 --> Session: Class initialized using 'CodeIgniter\Session\Handlers\FileHandler' driver.
INFO - 2023-06-15 09:22:59 --> Session: Class initialized using 'CodeIgniter\Session\Handlers\FileHandler' driver.
INFO - 2023-06-15 09:23:05 --> Session: Class initialized using 'CodeIgniter\Session\Handlers\FileHandler' driver.
INFO - 2023-06-15 09:23:09 --> Session: Class initialized using 'CodeIgniter\Session\Handlers\FileHandler' driver.
INFO - 2023-06-15 09:23:11 --> Session: Class initialized using 'CodeIgniter\Session\Handlers\FileHandler' driver.
INFO - 2023-06-15 09:24:44 --> Session: Class initialized using 'CodeIgniter\Session\Handlers\FileHandler' driver.
INFO - 2023-06-15 09:24:47 --> Session: Class initialized using 'CodeIgniter\Session\Handlers\FileHandler' driver.
INFO - 2023-06-15 09:24:50 --> Session: Class initialized using 'CodeIgniter\Session\Handlers\FileHandler' driver.
INFO - 2023-06-15 09:25:15 --> Session: Class initialized using 'CodeIgniter\Session\Handlers\FileHandler' driver.
INFO - 2023-06-15 09:25:17 --> Session: Class initialized using 'CodeIgniter\Session\Handlers\FileHandler' driver.
INFO - 2023-06-15 09:26:01 --> Session: Class initialized using 'CodeIgniter\Session\Handlers\FileHandler' driver.
INFO - 2023-06-15 09:26:01 --> Session: Class initialized using 'CodeIgniter\Session\Handlers\FileHandler' driver.
INFO - 2023-06-15 09:26:05 --> Session: Class initialized using 'CodeIgniter\Session\Handlers\FileHandler' driver.
INFO - 2023-06-15 09:26:54 --> Session: Class initialized using 'CodeIgniter\Session\Handlers\FileHandler' driver.
INFO - 2023-06-15 09:27:01 --> Session: Class initialized using 'CodeIgniter\Session\Handlers\FileHandler' driver.
INFO - 2023-06-15 09:31:06 --> Session: Class initialized using 'CodeIgniter\Session\Handlers\FileHandler' driver.
INFO - 2023-06-15 09:32:01 --> Session: Class initialized using 'CodeIgniter\Session\Handlers\FileHandler' driver.
INFO - 2023-06-15 09:32:35 --> Session: Class initialized using 'CodeIgniter\Session\Handlers\FileHandler' driver.
INFO - 2023-06-15 09:32:38 --> Session: Class initialized using 'CodeIgniter\Session\Handlers\FileHandler' driver.
INFO - 2023-06-15 09:34:29 --> Session: Class initialized using 'CodeIgniter\Session\Handlers\FileHandler' driver.
INFO - 2023-06-15 09:34:33 --> Session: Class initialized using 'CodeIgniter\Session\Handlers\FileHandler' driver.
INFO - 2023-06-15 09:34:44 --> Session: Class initialized using 'CodeIgniter\Session\Handlers\FileHandler' driver.
INFO - 2023-06-15 09:38:20 --> Session: Class initialized using 'CodeIgniter\Session\Handlers\FileHandler' driver.
INFO - 2023-06-15 09:38:55 --> Session: Class initialized using 'CodeIgniter\Session\Handlers\FileHandler' driver.
INFO - 2023-06-15 09:46:46 --> Session: Class initialized using 'CodeIgniter\Session\Handlers\FileHandler' driver.
INFO - 2023-06-15 09:46:51 --> Session: Class initialized using 'CodeIgniter\Session\Handlers\FileHandler' driver.
INFO - 2023-06-15 09:46:53 --> Session: Class initialized using 'CodeIgniter\Session\Handlers\FileHandler' driver.
INFO - 2023-06-15 09:47:54 --> Session: Class initialized using 'CodeIgniter\Session\Handlers\FileHandler' driver.
INFO - 2023-06-15 09:47:57 --> Session: Class initialized using 'CodeIgniter\Session\Handlers\FileHandler' driver.
INFO - 2023-06-15 09:50:06 --> Session: Class initialized using 'CodeIgniter\Session\Handlers\FileHandler' driver.
INFO - 2023-06-15 09:57:00 --> Session: Class initialized using 'CodeIgniter\Session\Handlers\FileHandler' driver.
INFO - 2023-06-15 16:08:45 --> Session: Class initialized using 'CodeIgniter\Session\Handlers\FileHandler' driver.
INFO - 2023-06-15 16:09:01 --> Session: Class initialized using 'CodeIgniter\Session\Handlers\FileHandler' driver.
INFO - 2023-06-15 16:11:25 --> Session: Class initialized using 'CodeIgniter\Session\Handlers\FileHandler' driver.
INFO - 2023-06-15 16:11:31 --> Session: Class initialized using 'CodeIgniter\Session\Handlers\FileHandler' driver.
INFO - 2023-06-15 16:11:33 --> Session: Class initialized using 'CodeIgniter\Session\Handlers\FileHandler' driver.
INFO - 2023-06-15 16:11:36 --> Session: Class initialized using 'CodeIgniter\Session\Handlers\FileHandler' driver.
INFO - 2023-06-15 16:12:26 --> Session: Class initialized using 'CodeIgniter\Session\Handlers\FileHandler' driver.
INFO - 2023-06-15 16:15:45 --> Session: Class initialized using 'CodeIgniter\Session\Handlers\FileHandler' driver.
INFO - 2023-06-15 16:15:58 --> Session: Class initialized using 'CodeIgniter\Session\Handlers\FileHandler' driver.
INFO - 2023-06-15 16:16:14 --> Session: Class initialized using 'CodeIgniter\Session\Handlers\FileHandler' driver.
INFO - 2023-06-15 16:16:19 --> Session: Class initialized using 'CodeIgniter\Session\Handlers\FileHandler' driver.
INFO - 2023-06-15 16:17:18 --> Session: Class initialized using 'CodeIgniter\Session\Handlers\FileHandler' driver.
INFO - 2023-06-15 16:17:22 --> Session: Class initialized using 'CodeIgniter\Session\Handlers\FileHandler' driver.
INFO - 2023-06-15 16:17:50 --> Session: Class initialized using 'CodeIgniter\Session\Handlers\FileHandler' driver.
INFO - 2023-06-15 16:19:53 --> Session: Class initialized using 'CodeIgniter\Session\Handlers\FileHandler' driver.
INFO - 2023-06-15 16:19:56 --> Session: Class initialized using 'CodeIgniter\Session\Handlers\FileHandler' driver.
INFO - 2023-06-15 16:20:23 --> Session: Class initialized using 'CodeIgniter\Session\Handlers\FileHandler' driver.
INFO - 2023-06-15 16:23:05 --> Session: Class initialized using 'CodeIgniter\Session\Handlers\FileHandler' driver.
INFO - 2023-06-15 16:23:21 --> Session: Class initialized using 'CodeIgniter\Session\Handlers\FileHandler' driver.
INFO - 2023-06-15 16:23:40 --> Session: Class initialized using 'CodeIgniter\Session\Handlers\FileHandler' driver.
INFO - 2023-06-15 16:24:01 --> Session: Class initialized using 'CodeIgniter\Session\Handlers\FileHandler' driver.
INFO - 2023-06-15 16:24:20 --> Session: Class initialized using 'CodeIgniter\Session\Handlers\FileHandler' driver.
INFO - 2023-06-15 16:25:06 --> Session: Class initialized using 'CodeIgniter\Session\Handlers\FileHandler' driver.
INFO - 2023-06-15 16:31:25 --> Session: Class initialized using 'CodeIgniter\Session\Handlers\FileHandler' driver.
CRITICAL - 2023-06-15 16:31:45 --> Class "App\Models\Karyawan" not found
in APPPATH\Controllers\Karyawans.php on line 12.
 1 SYSTEMPATH\CodeIgniter.php(934): App\Controllers\Karyawans->index()
 2 SYSTEMPATH\CodeIgniter.php(499): CodeIgniter\CodeIgniter->runController(Object(App\Controllers\Karyawans))
 3 SYSTEMPATH\CodeIgniter.php(368): CodeIgniter\CodeIgniter->handleRequest(null, Object(Config\Cache), false)
 4 FCPATH\index.php(67): CodeIgniter\CodeIgniter->run()
 5 SYSTEMPATH\Commands\Server\rewrite.php(47): require_once('C:\\xampps\\htdocs\\e-commerce-main\\public\\index.php')
CRITICAL - 2023-06-15 16:32:02 --> Class "App\Models\Karyawan" not found
in APPPATH\Controllers\Karyawans.php on line 12.
 1 SYSTEMPATH\CodeIgniter.php(934): App\Controllers\Karyawans->index()
 2 SYSTEMPATH\CodeIgniter.php(499): CodeIgniter\CodeIgniter->runController(Object(App\Controllers\Karyawans))
 3 SYSTEMPATH\CodeIgniter.php(368): CodeIgniter\CodeIgniter->handleRequest(null, Object(Config\Cache), false)
 4 FCPATH\index.php(67): CodeIgniter\CodeIgniter->run()
 5 SYSTEMPATH\Commands\Server\rewrite.php(47): require_once('C:\\xampps\\htdocs\\e-commerce-main\\public\\index.php')
CRITICAL - 2023-06-15 16:32:23 --> Class "App\Models\Karyawan" not found
in APPPATH\Controllers\Karyawans.php on line 12.
 1 SYSTEMPATH\CodeIgniter.php(934): App\Controllers\Karyawans->index()
 2 SYSTEMPATH\CodeIgniter.php(499): CodeIgniter\CodeIgniter->runController(Object(App\Controllers\Karyawans))
 3 SYSTEMPATH\CodeIgniter.php(368): CodeIgniter\CodeIgniter->handleRequest(null, Object(Config\Cache), false)
 4 FCPATH\index.php(67): CodeIgniter\CodeIgniter->run()
 5 SYSTEMPATH\Commands\Server\rewrite.php(47): require_once('C:\\xampps\\htdocs\\e-commerce-main\\public\\index.php')
CRITICAL - 2023-06-15 16:32:49 --> Class "App\Models\Karyawan" not found
in APPPATH\Controllers\Karyawans.php on line 12.
 1 SYSTEMPATH\CodeIgniter.php(934): App\Controllers\Karyawans->index()
 2 SYSTEMPATH\CodeIgniter.php(499): CodeIgniter\CodeIgniter->runController(Object(App\Controllers\Karyawans))
 3 SYSTEMPATH\CodeIgniter.php(368): CodeIgniter\CodeIgniter->handleRequest(null, Object(Config\Cache), false)
 4 FCPATH\index.php(67): CodeIgniter\CodeIgniter->run()
 5 SYSTEMPATH\Commands\Server\rewrite.php(47): require_once('C:\\xampps\\htdocs\\e-commerce-main\\public\\index.php')
CRITICAL - 2023-06-15 16:33:15 --> Class "App\Models\Karyawan" not found
in APPPATH\Controllers\Karyawans.php on line 12.
 1 SYSTEMPATH\CodeIgniter.php(934): App\Controllers\Karyawans->index()
 2 SYSTEMPATH\CodeIgniter.php(499): CodeIgniter\CodeIgniter->runController(Object(App\Controllers\Karyawans))
 3 SYSTEMPATH\CodeIgniter.php(368): CodeIgniter\CodeIgniter->handleRequest(null, Object(Config\Cache), false)
 4 FCPATH\index.php(67): CodeIgniter\CodeIgniter->run()
 5 SYSTEMPATH\Commands\Server\rewrite.php(47): require_once('C:\\xampps\\htdocs\\e-commerce-main\\public\\index.php')
CRITICAL - 2023-06-15 16:33:44 --> Class "App\Controllers\Karyawan" not found
in APPPATH\Controllers\Karyawans.php on line 12.
 1 SYSTEMPATH\CodeIgniter.php(934): App\Controllers\Karyawans->index()
 2 SYSTEMPATH\CodeIgniter.php(499): CodeIgniter\CodeIgniter->runController(Object(App\Controllers\Karyawans))
 3 SYSTEMPATH\CodeIgniter.php(368): CodeIgniter\CodeIgniter->handleRequest(null, Object(Config\Cache), false)
 4 FCPATH\index.php(67): CodeIgniter\CodeIgniter->run()
 5 SYSTEMPATH\Commands\Server\rewrite.php(47): require_once('C:\\xampps\\htdocs\\e-commerce-main\\public\\index.php')
INFO - 2023-06-15 16:33:54 --> Session: Class initialized using 'CodeIgniter\Session\Handlers\FileHandler' driver.
INFO - 2023-06-15 16:35:29 --> Session: Class initialized using 'CodeIgniter\Session\Handlers\FileHandler' driver.
INFO - 2023-06-15 16:35:35 --> Session: Class initialized using 'CodeIgniter\Session\Handlers\FileHandler' driver.
INFO - 2023-06-15 16:35:59 --> Session: Class initialized using 'CodeIgniter\Session\Handlers\FileHandler' driver.
INFO - 2023-06-15 16:36:07 --> Session: Class initialized using 'CodeIgniter\Session\Handlers\FileHandler' driver.
INFO - 2023-06-15 16:36:34 --> Session: Class initialized using 'CodeIgniter\Session\Handlers\FileHandler' driver.
INFO - 2023-06-15 16:36:38 --> Session: Class initialized using 'CodeIgniter\Session\Handlers\FileHandler' driver.
INFO - 2023-06-15 16:37:02 --> Session: Class initialized using 'CodeIgniter\Session\Handlers\FileHandler' driver.
INFO - 2023-06-15 16:37:10 --> Session: Class initialized using 'CodeIgniter\Session\Handlers\FileHandler' driver.
INFO - 2023-06-15 16:38:46 --> Session: Class initialized using 'CodeIgniter\Session\Handlers\FileHandler' driver.
INFO - 2023-06-15 16:39:11 --> Session: Class initialized using 'CodeIgniter\Session\Handlers\FileHandler' driver.
INFO - 2023-06-15 16:39:28 --> Session: Class initialized using 'CodeIgniter\Session\Handlers\FileHandler' driver.
INFO - 2023-06-15 16:42:53 --> Session: Class initialized using 'CodeIgniter\Session\Handlers\FileHandler' driver.
INFO - 2023-06-15 16:42:59 --> Session: Class initialized using 'CodeIgniter\Session\Handlers\FileHandler' driver.
INFO - 2023-06-15 16:43:19 --> Session: Class initialized using 'CodeIgniter\Session\Handlers\FileHandler' driver.
INFO - 2023-06-15 16:44:47 --> Session: Class initialized using 'CodeIgniter\Session\Handlers\FileHandler' driver.
CRITICAL - 2023-06-15 16:44:47 --> Undefined variable $karyawan
in APPPATH\Views\admin\status.php on line 51.
 1 APPPATH\Views\admin\status.php(51): CodeIgniter\Debug\Exceptions->errorHandler(2, 'Undefined variable $karyawan', 'C:\\xampps\\htdocs\\e-commerce-main\\app\\Views\\admin\\status.php', 51)
 2 SYSTEMPATH\View\View.php(213): include('C:\\xampps\\htdocs\\e-commerce-main\\app\\Views\\admin\\status.php')
 3 SYSTEMPATH\View\View.php(216): CodeIgniter\View\View->CodeIgniter\View\{closure}()
 4 SYSTEMPATH\Common.php(1184): CodeIgniter\View\View->render('admin/status', [], true)
 5 APPPATH\Controllers\Admin.php(295): view('admin/status', [...])
 6 SYSTEMPATH\CodeIgniter.php(934): App\Controllers\Admin->status()
 7 SYSTEMPATH\CodeIgniter.php(499): CodeIgniter\CodeIgniter->runController(Object(App\Controllers\Admin))
 8 SYSTEMPATH\CodeIgniter.php(368): CodeIgniter\CodeIgniter->handleRequest(null, Object(Config\Cache), false)
 9 FCPATH\index.php(67): CodeIgniter\CodeIgniter->run()
10 SYSTEMPATH\Commands\Server\rewrite.php(47): require_once('C:\\xampps\\htdocs\\e-commerce-main\\public\\index.php')
INFO - 2023-06-15 16:46:00 --> Session: Class initialized using 'CodeIgniter\Session\Handlers\FileHandler' driver.
INFO - 2023-06-15 16:46:07 --> Session: Class initialized using 'CodeIgniter\Session\Handlers\FileHandler' driver.
INFO - 2023-06-15 16:46:08 --> Session: Class initialized using 'CodeIgniter\Session\Handlers\FileHandler' driver.
INFO - 2023-06-15 16:46:11 --> Session: Class initialized using 'CodeIgniter\Session\Handlers\FileHandler' driver.
INFO - 2023-06-15 16:46:44 --> Session: Class initialized using 'CodeIgniter\Session\Handlers\FileHandler' driver.
INFO - 2023-06-15 16:46:51 --> Session: Class initialized using 'CodeIgniter\Session\Handlers\FileHandler' driver.
INFO - 2023-06-15 16:46:52 --> Session: Class initialized using 'CodeIgniter\Session\Handlers\FileHandler' driver.
INFO - 2023-06-15 16:46:55 --> Session: Class initialized using 'CodeIgniter\Session\Handlers\FileHandler' driver.
INFO - 2023-06-15 16:47:55 --> Session: Class initialized using 'CodeIgniter\Session\Handlers\FileHandler' driver.
INFO - 2023-06-15 16:48:08 --> Session: Class initialized using 'CodeIgniter\Session\Handlers\FileHandler' driver.
INFO - 2023-06-15 16:59:15 --> Session: Class initialized using 'CodeIgniter\Session\Handlers\FileHandler' driver.
ERROR - 2023-06-15 16:59:18 --> mysqli_sql_exception: Table 'ci4_login.checkout' doesn't exist in C:\xampps\htdocs\e-commerce-main\vendor\codeigniter4\framework\system\Database\MySQLi\Connection.php:295
Stack trace:
#0 C:\xampps\htdocs\e-commerce-main\vendor\codeigniter4\framework\system\Database\MySQLi\Connection.php(295): mysqli->query('SELECT `checkou...', 0)
#1 C:\xampps\htdocs\e-commerce-main\vendor\codeigniter4\framework\system\Database\BaseConnection.php(692): CodeIgniter\Database\MySQLi\Connection->execute('SELECT `checkou...')
#2 C:\xampps\htdocs\e-commerce-main\vendor\codeigniter4\framework\system\Database\BaseConnection.php(606): CodeIgniter\Database\BaseConnection->simpleQuery('SELECT `checkou...')
#3 C:\xampps\htdocs\e-commerce-main\vendor\codeigniter4\framework\system\Database\BaseBuilder.php(1616): CodeIgniter\Database\BaseConnection->query('SELECT `checkou...', Array, false)
#4 C:\xampps\htdocs\e-commerce-main\app\Controllers\Karyawans.php(61): CodeIgniter\Database\BaseBuilder->get()
#5 C:\xampps\htdocs\e-commerce-main\vendor\codeigniter4\framework\system\CodeIgniter.php(934): App\Controllers\Karyawans->data()
#6 C:\xampps\htdocs\e-commerce-main\vendor\codeigniter4\framework\system\CodeIgniter.php(499): CodeIgniter\CodeIgniter->runController(Object(App\Controllers\Karyawans))
#7 C:\xampps\htdocs\e-commerce-main\vendor\codeigniter4\framework\system\CodeIgniter.php(368): CodeIgniter\CodeIgniter->handleRequest(NULL, Object(Config\Cache), false)
#8 C:\xampps\htdocs\e-commerce-main\public\index.php(67): CodeIgniter\CodeIgniter->run()
#9 C:\xampps\htdocs\e-commerce-main\vendor\codeigniter4\framework\system\Commands\Server\rewrite.php(47): require_once('C:\\xampps\\htdoc...')
#10 {main}
CRITICAL - 2023-06-15 16:59:18 --> Table 'ci4_login.checkout' doesn't exist
in SYSTEMPATH\Database\MySQLi\Connection.php on line 295.
 1 SYSTEMPATH\Database\MySQLi\Connection.php(295): mysqli->query('SELECT `checkout`.*, `data_chart`.*, `karyawan`.`karyawan`
FROM `checkout`
JOIN `data_chart` ON `checkout`.`id` = `data_chart`.`id` AND `checkout`.`date` = `data_chart`.`date`
JOIN `karyawan` ON `checkout`.`karyawan` = `karyawan`.`karyawan`
WHERE `checkout`.`id` = \'data_chart.id\'
AND `checkout`.`date` = \'data_chart.date\'', 0)
 2 SYSTEMPATH\Database\BaseConnection.php(692): CodeIgniter\Database\MySQLi\Connection->execute('SELECT `checkout`.*, `data_chart`.*, `karyawan`.`karyawan`
FROM `checkout`
JOIN `data_chart` ON `checkout`.`id` = `data_chart`.`id` AND `checkout`.`date` = `data_chart`.`date`
JOIN `karyawan` ON `checkout`.`karyawan` = `karyawan`.`karyawan`
WHERE `checkout`.`id` = \'data_chart.id\'
AND `checkout`.`date` = \'data_chart.date\'')
 3 SYSTEMPATH\Database\BaseConnection.php(606): CodeIgniter\Database\BaseConnection->simpleQuery('SELECT `checkout`.*, `data_chart`.*, `karyawan`.`karyawan`
FROM `checkout`
JOIN `data_chart` ON `checkout`.`id` = `data_chart`.`id` AND `checkout`.`date` = `data_chart`.`date`
JOIN `karyawan` ON `checkout`.`karyawan` = `karyawan`.`karyawan`
WHERE `checkout`.`id` = \'data_chart.id\'
AND `checkout`.`date` = \'data_chart.date\'')
 4 SYSTEMPATH\Database\BaseBuilder.php(1616): CodeIgniter\Database\BaseConnection->query('SELECT `checkout`.*, `data_chart`.*, `karyawan`.`karyawan`
FROM `checkout`
JOIN `data_chart` ON `checkout`.`id` = `data_chart`.`id` AND `checkout`.`date` = `data_chart`.`date`
JOIN `karyawan` ON `checkout`.`karyawan` = `karyawan`.`karyawan`
WHERE `checkout`.`id` = :checkout.id:
AND `checkout`.`date` = :checkout.date:', [...], false)
 5 APPPATH\Controllers\Karyawans.php(61): CodeIgniter\Database\BaseBuilder->get()
 6 SYSTEMPATH\CodeIgniter.php(934): App\Controllers\Karyawans->data()
 7 SYSTEMPATH\CodeIgniter.php(499): CodeIgniter\CodeIgniter->runController(Object(App\Controllers\Karyawans))
 8 SYSTEMPATH\CodeIgniter.php(368): CodeIgniter\CodeIgniter->handleRequest(null, Object(Config\Cache), false)
 9 FCPATH\index.php(67): CodeIgniter\CodeIgniter->run()
10 SYSTEMPATH\Commands\Server\rewrite.php(47): require_once('C:\\xampps\\htdocs\\e-commerce-main\\public\\index.php')
ERROR - 2023-06-15 16:59:46 --> mysqli_sql_exception: Unknown column 'karyawan.karyawan' in 'field list' in C:\xampps\htdocs\e-commerce-main\vendor\codeigniter4\framework\system\Database\MySQLi\Connection.php:295
Stack trace:
#0 C:\xampps\htdocs\e-commerce-main\vendor\codeigniter4\framework\system\Database\MySQLi\Connection.php(295): mysqli->query('SELECT `checkoo...', 0)
#1 C:\xampps\htdocs\e-commerce-main\vendor\codeigniter4\framework\system\Database\BaseConnection.php(692): CodeIgniter\Database\MySQLi\Connection->execute('SELECT `checkoo...')
#2 C:\xampps\htdocs\e-commerce-main\vendor\codeigniter4\framework\system\Database\BaseConnection.php(606): CodeIgniter\Database\BaseConnection->simpleQuery('SELECT `checkoo...')
#3 C:\xampps\htdocs\e-commerce-main\vendor\codeigniter4\framework\system\Database\BaseBuilder.php(1616): CodeIgniter\Database\BaseConnection->query('SELECT `checkoo...', Array, false)
#4 C:\xampps\htdocs\e-commerce-main\app\Controllers\Karyawans.php(61): CodeIgniter\Database\BaseBuilder->get()
#5 C:\xampps\htdocs\e-commerce-main\vendor\codeigniter4\framework\system\CodeIgniter.php(934): App\Controllers\Karyawans->data()
#6 C:\xampps\htdocs\e-commerce-main\vendor\codeigniter4\framework\system\CodeIgniter.php(499): CodeIgniter\CodeIgniter->runController(Object(App\Controllers\Karyawans))
#7 C:\xampps\htdocs\e-commerce-main\vendor\codeigniter4\framework\system\CodeIgniter.php(368): CodeIgniter\CodeIgniter->handleRequest(NULL, Object(Config\Cache), false)
#8 C:\xampps\htdocs\e-commerce-main\public\index.php(67): CodeIgniter\CodeIgniter->run()
#9 C:\xampps\htdocs\e-commerce-main\vendor\codeigniter4\framework\system\Commands\Server\rewrite.php(47): require_once('C:\\xampps\\htdoc...')
#10 {main}
CRITICAL - 2023-06-15 16:59:46 --> Unknown column 'karyawan.karyawan' in 'field list'
in SYSTEMPATH\Database\MySQLi\Connection.php on line 295.
 1 SYSTEMPATH\Database\MySQLi\Connection.php(295): mysqli->query('SELECT `checkoout`.*, `data_chart`.*, `karyawan`.`karyawan`
FROM `checkoout`
JOIN `data_chart` ON `checkoout`.`id` = `data_chart`.`id` AND `checkoout`.`date` = `data_chart`.`date`
JOIN `karyawan` ON `checkoout`.`karyawan` = `karyawan`.`karyawan`
WHERE `checkoout`.`id` = \'data_chart.id\'
AND `checkoout`.`date` = \'data_chart.date\'', 0)
 2 SYSTEMPATH\Database\BaseConnection.php(692): CodeIgniter\Database\MySQLi\Connection->execute('SELECT `checkoout`.*, `data_chart`.*, `karyawan`.`karyawan`
FROM `checkoout`
JOIN `data_chart` ON `checkoout`.`id` = `data_chart`.`id` AND `checkoout`.`date` = `data_chart`.`date`
JOIN `karyawan` ON `checkoout`.`karyawan` = `karyawan`.`karyawan`
WHERE `checkoout`.`id` = \'data_chart.id\'
AND `checkoout`.`date` = \'data_chart.date\'')
 3 SYSTEMPATH\Database\BaseConnection.php(606): CodeIgniter\Database\BaseConnection->simpleQuery('SELECT `checkoout`.*, `data_chart`.*, `karyawan`.`karyawan`
FROM `checkoout`
JOIN `data_chart` ON `checkoout`.`id` = `data_chart`.`id` AND `checkoout`.`date` = `data_chart`.`date`
JOIN `karyawan` ON `checkoout`.`karyawan` = `karyawan`.`karyawan`
WHERE `checkoout`.`id` = \'data_chart.id\'
AND `checkoout`.`date` = \'data_chart.date\'')
 4 SYSTEMPATH\Database\BaseBuilder.php(1616): CodeIgniter\Database\BaseConnection->query('SELECT `checkoout`.*, `data_chart`.*, `karyawan`.`karyawan`
FROM `checkoout`
JOIN `data_chart` ON `checkoout`.`id` = `data_chart`.`id` AND `checkoout`.`date` = `data_chart`.`date`
JOIN `karyawan` ON `checkoout`.`karyawan` = `karyawan`.`karyawan`
WHERE `checkoout`.`id` = :checkoout.id:
AND `checkoout`.`date` = :checkoout.date:', [...], false)
 5 APPPATH\Controllers\Karyawans.php(61): CodeIgniter\Database\BaseBuilder->get()
 6 SYSTEMPATH\CodeIgniter.php(934): App\Controllers\Karyawans->data()
 7 SYSTEMPATH\CodeIgniter.php(499): CodeIgniter\CodeIgniter->runController(Object(App\Controllers\Karyawans))
 8 SYSTEMPATH\CodeIgniter.php(368): CodeIgniter\CodeIgniter->handleRequest(null, Object(Config\Cache), false)
 9 FCPATH\index.php(67): CodeIgniter\CodeIgniter->run()
10 SYSTEMPATH\Commands\Server\rewrite.php(47): require_once('C:\\xampps\\htdocs\\e-commerce-main\\public\\index.php')
ERROR - 2023-06-15 17:00:12 --> mysqli_sql_exception: Unknown column 'checkoout.date' in 'where clause' in C:\xampps\htdocs\e-commerce-main\vendor\codeigniter4\framework\system\Database\MySQLi\Connection.php:295
Stack trace:
#0 C:\xampps\htdocs\e-commerce-main\vendor\codeigniter4\framework\system\Database\MySQLi\Connection.php(295): mysqli->query('SELECT `checkoo...', 0)
#1 C:\xampps\htdocs\e-commerce-main\vendor\codeigniter4\framework\system\Database\BaseConnection.php(692): CodeIgniter\Database\MySQLi\Connection->execute('SELECT `checkoo...')
#2 C:\xampps\htdocs\e-commerce-main\vendor\codeigniter4\framework\system\Database\BaseConnection.php(606): CodeIgniter\Database\BaseConnection->simpleQuery('SELECT `checkoo...')
#3 C:\xampps\htdocs\e-commerce-main\vendor\codeigniter4\framework\system\Database\BaseBuilder.php(1616): CodeIgniter\Database\BaseConnection->query('SELECT `checkoo...', Array, false)
#4 C:\xampps\htdocs\e-commerce-main\app\Controllers\Karyawans.php(61): CodeIgniter\Database\BaseBuilder->get()
#5 C:\xampps\htdocs\e-commerce-main\vendor\codeigniter4\framework\system\CodeIgniter.php(934): App\Controllers\Karyawans->data()
#6 C:\xampps\htdocs\e-commerce-main\vendor\codeigniter4\framework\system\CodeIgniter.php(499): CodeIgniter\CodeIgniter->runController(Object(App\Controllers\Karyawans))
#7 C:\xampps\htdocs\e-commerce-main\vendor\codeigniter4\framework\system\CodeIgniter.php(368): CodeIgniter\CodeIgniter->handleRequest(NULL, Object(Config\Cache), false)
#8 C:\xampps\htdocs\e-commerce-main\public\index.php(67): CodeIgniter\CodeIgniter->run()
#9 C:\xampps\htdocs\e-commerce-main\vendor\codeigniter4\framework\system\Commands\Server\rewrite.php(47): require_once('C:\\xampps\\htdoc...')
#10 {main}
CRITICAL - 2023-06-15 17:00:12 --> Unknown column 'checkoout.date' in 'where clause'
in SYSTEMPATH\Database\MySQLi\Connection.php on line 295.
 1 SYSTEMPATH\Database\MySQLi\Connection.php(295): mysqli->query('SELECT `checkoout`.*, `data_chart`.*, `karyawan`.*
FROM `checkoout`
JOIN `data_chart` ON `checkoout`.`id` = `data_chart`.`id` AND `checkoout`.`date` = `data_chart`.`date`
JOIN `karyawan` ON `checkoout`.`karyawan` = `karyawan`.`name`
WHERE `checkoout`.`id` = \'data_chart.id\'
AND `checkoout`.`date` = \'data_chart.date\'', 0)
 2 SYSTEMPATH\Database\BaseConnection.php(692): CodeIgniter\Database\MySQLi\Connection->execute('SELECT `checkoout`.*, `data_chart`.*, `karyawan`.*
FROM `checkoout`
JOIN `data_chart` ON `checkoout`.`id` = `data_chart`.`id` AND `checkoout`.`date` = `data_chart`.`date`
JOIN `karyawan` ON `checkoout`.`karyawan` = `karyawan`.`name`
WHERE `checkoout`.`id` = \'data_chart.id\'
AND `checkoout`.`date` = \'data_chart.date\'')
 3 SYSTEMPATH\Database\BaseConnection.php(606): CodeIgniter\Database\BaseConnection->simpleQuery('SELECT `checkoout`.*, `data_chart`.*, `karyawan`.*
FROM `checkoout`
JOIN `data_chart` ON `checkoout`.`id` = `data_chart`.`id` AND `checkoout`.`date` = `data_chart`.`date`
JOIN `karyawan` ON `checkoout`.`karyawan` = `karyawan`.`name`
WHERE `checkoout`.`id` = \'data_chart.id\'
AND `checkoout`.`date` = \'data_chart.date\'')
 4 SYSTEMPATH\Database\BaseBuilder.php(1616): CodeIgniter\Database\BaseConnection->query('SELECT `checkoout`.*, `data_chart`.*, `karyawan`.*
FROM `checkoout`
JOIN `data_chart` ON `checkoout`.`id` = `data_chart`.`id` AND `checkoout`.`date` = `data_chart`.`date`
JOIN `karyawan` ON `checkoout`.`karyawan` = `karyawan`.`name`
WHERE `checkoout`.`id` = :checkoout.id:
AND `checkoout`.`date` = :checkoout.date:', [...], false)
 5 APPPATH\Controllers\Karyawans.php(61): CodeIgniter\Database\BaseBuilder->get()
 6 SYSTEMPATH\CodeIgniter.php(934): App\Controllers\Karyawans->data()
 7 SYSTEMPATH\CodeIgniter.php(499): CodeIgniter\CodeIgniter->runController(Object(App\Controllers\Karyawans))
 8 SYSTEMPATH\CodeIgniter.php(368): CodeIgniter\CodeIgniter->handleRequest(null, Object(Config\Cache), false)
 9 FCPATH\index.php(67): CodeIgniter\CodeIgniter->run()
10 SYSTEMPATH\Commands\Server\rewrite.php(47): require_once('C:\\xampps\\htdocs\\e-commerce-main\\public\\index.php')
ERROR - 2023-06-15 17:00:33 --> mysqli_sql_exception: Unknown column 'checkoout.date' in 'on clause' in C:\xampps\htdocs\e-commerce-main\vendor\codeigniter4\framework\system\Database\MySQLi\Connection.php:295
Stack trace:
#0 C:\xampps\htdocs\e-commerce-main\vendor\codeigniter4\framework\system\Database\MySQLi\Connection.php(295): mysqli->query('SELECT `checkoo...', 0)
#1 C:\xampps\htdocs\e-commerce-main\vendor\codeigniter4\framework\system\Database\BaseConnection.php(692): CodeIgniter\Database\MySQLi\Connection->execute('SELECT `checkoo...')
#2 C:\xampps\htdocs\e-commerce-main\vendor\codeigniter4\framework\system\Database\BaseConnection.php(606): CodeIgniter\Database\BaseConnection->simpleQuery('SELECT `checkoo...')
#3 C:\xampps\htdocs\e-commerce-main\vendor\codeigniter4\framework\system\Database\BaseBuilder.php(1616): CodeIgniter\Database\BaseConnection->query('SELECT `checkoo...', Array, false)
#4 C:\xampps\htdocs\e-commerce-main\app\Controllers\Karyawans.php(61): CodeIgniter\Database\BaseBuilder->get()
#5 C:\xampps\htdocs\e-commerce-main\vendor\codeigniter4\framework\system\CodeIgniter.php(934): App\Controllers\Karyawans->data()
#6 C:\xampps\htdocs\e-commerce-main\vendor\codeigniter4\framework\system\CodeIgniter.php(499): CodeIgniter\CodeIgniter->runController(Object(App\Controllers\Karyawans))
#7 C:\xampps\htdocs\e-commerce-main\vendor\codeigniter4\framework\system\CodeIgniter.php(368): CodeIgniter\CodeIgniter->handleRequest(NULL, Object(Config\Cache), false)
#8 C:\xampps\htdocs\e-commerce-main\public\index.php(67): CodeIgniter\CodeIgniter->run()
#9 C:\xampps\htdocs\e-commerce-main\vendor\codeigniter4\framework\system\Commands\Server\rewrite.php(47): require_once('C:\\xampps\\htdoc...')
#10 {main}
CRITICAL - 2023-06-15 17:00:33 --> Unknown column 'checkoout.date' in 'on clause'
in SYSTEMPATH\Database\MySQLi\Connection.php on line 295.
 1 SYSTEMPATH\Database\MySQLi\Connection.php(295): mysqli->query('SELECT `checkoout`.*, `data_chart`.*, `karyawan`.*
FROM `checkoout`
JOIN `data_chart` ON `checkoout`.`id` = `data_chart`.`id` AND `checkoout`.`date` = `data_chart`.`date`
JOIN `karyawan` ON `checkoout`.`karyawan` = `karyawan`.`name`
WHERE `checkoout`.`id` = \'data_chart.id\'
AND `checkoout`.`tanggal` = \'data_chart.date\'', 0)
 2 SYSTEMPATH\Database\BaseConnection.php(692): CodeIgniter\Database\MySQLi\Connection->execute('SELECT `checkoout`.*, `data_chart`.*, `karyawan`.*
FROM `checkoout`
JOIN `data_chart` ON `checkoout`.`id` = `data_chart`.`id` AND `checkoout`.`date` = `data_chart`.`date`
JOIN `karyawan` ON `checkoout`.`karyawan` = `karyawan`.`name`
WHERE `checkoout`.`id` = \'data_chart.id\'
AND `checkoout`.`tanggal` = \'data_chart.date\'')
 3 SYSTEMPATH\Database\BaseConnection.php(606): CodeIgniter\Database\BaseConnection->simpleQuery('SELECT `checkoout`.*, `data_chart`.*, `karyawan`.*
FROM `checkoout`
JOIN `data_chart` ON `checkoout`.`id` = `data_chart`.`id` AND `checkoout`.`date` = `data_chart`.`date`
JOIN `karyawan` ON `checkoout`.`karyawan` = `karyawan`.`name`
WHERE `checkoout`.`id` = \'data_chart.id\'
AND `checkoout`.`tanggal` = \'data_chart.date\'')
 4 SYSTEMPATH\Database\BaseBuilder.php(1616): CodeIgniter\Database\BaseConnection->query('SELECT `checkoout`.*, `data_chart`.*, `karyawan`.*
FROM `checkoout`
JOIN `data_chart` ON `checkoout`.`id` = `data_chart`.`id` AND `checkoout`.`date` = `data_chart`.`date`
JOIN `karyawan` ON `checkoout`.`karyawan` = `karyawan`.`name`
WHERE `checkoout`.`id` = :checkoout.id:
AND `checkoout`.`tanggal` = :checkoout.tanggal:', [...], false)
 5 APPPATH\Controllers\Karyawans.php(61): CodeIgniter\Database\BaseBuilder->get()
 6 SYSTEMPATH\CodeIgniter.php(934): App\Controllers\Karyawans->data()
 7 SYSTEMPATH\CodeIgniter.php(499): CodeIgniter\CodeIgniter->runController(Object(App\Controllers\Karyawans))
 8 SYSTEMPATH\CodeIgniter.php(368): CodeIgniter\CodeIgniter->handleRequest(null, Object(Config\Cache), false)
 9 FCPATH\index.php(67): CodeIgniter\CodeIgniter->run()
10 SYSTEMPATH\Commands\Server\rewrite.php(47): require_once('C:\\xampps\\htdocs\\e-commerce-main\\public\\index.php')
ERROR - 2023-06-15 17:00:35 --> mysqli_sql_exception: Unknown column 'checkoout.date' in 'on clause' in C:\xampps\htdocs\e-commerce-main\vendor\codeigniter4\framework\system\Database\MySQLi\Connection.php:295
Stack trace:
#0 C:\xampps\htdocs\e-commerce-main\vendor\codeigniter4\framework\system\Database\MySQLi\Connection.php(295): mysqli->query('SELECT `checkoo...', 0)
#1 C:\xampps\htdocs\e-commerce-main\vendor\codeigniter4\framework\system\Database\BaseConnection.php(692): CodeIgniter\Database\MySQLi\Connection->execute('SELECT `checkoo...')
#2 C:\xampps\htdocs\e-commerce-main\vendor\codeigniter4\framework\system\Database\BaseConnection.php(606): CodeIgniter\Database\BaseConnection->simpleQuery('SELECT `checkoo...')
#3 C:\xampps\htdocs\e-commerce-main\vendor\codeigniter4\framework\system\Database\BaseBuilder.php(1616): CodeIgniter\Database\BaseConnection->query('SELECT `checkoo...', Array, false)
#4 C:\xampps\htdocs\e-commerce-main\app\Controllers\Karyawans.php(61): CodeIgniter\Database\BaseBuilder->get()
#5 C:\xampps\htdocs\e-commerce-main\vendor\codeigniter4\framework\system\CodeIgniter.php(934): App\Controllers\Karyawans->data()
#6 C:\xampps\htdocs\e-commerce-main\vendor\codeigniter4\framework\system\CodeIgniter.php(499): CodeIgniter\CodeIgniter->runController(Object(App\Controllers\Karyawans))
#7 C:\xampps\htdocs\e-commerce-main\vendor\codeigniter4\framework\system\CodeIgniter.php(368): CodeIgniter\CodeIgniter->handleRequest(NULL, Object(Config\Cache), false)
#8 C:\xampps\htdocs\e-commerce-main\public\index.php(67): CodeIgniter\CodeIgniter->run()
#9 C:\xampps\htdocs\e-commerce-main\vendor\codeigniter4\framework\system\Commands\Server\rewrite.php(47): require_once('C:\\xampps\\htdoc...')
#10 {main}
CRITICAL - 2023-06-15 17:00:35 --> Unknown column 'checkoout.date' in 'on clause'
in SYSTEMPATH\Database\MySQLi\Connection.php on line 295.
 1 SYSTEMPATH\Database\MySQLi\Connection.php(295): mysqli->query('SELECT `checkoout`.*, `data_chart`.*, `karyawan`.*
FROM `checkoout`
JOIN `data_chart` ON `checkoout`.`id` = `data_chart`.`id` AND `checkoout`.`date` = `data_chart`.`date`
JOIN `karyawan` ON `checkoout`.`karyawan` = `karyawan`.`name`
WHERE `checkoout`.`id` = \'data_chart.id\'
AND `checkoout`.`tanggal` = \'data_chart.date\'', 0)
 2 SYSTEMPATH\Database\BaseConnection.php(692): CodeIgniter\Database\MySQLi\Connection->execute('SELECT `checkoout`.*, `data_chart`.*, `karyawan`.*
FROM `checkoout`
JOIN `data_chart` ON `checkoout`.`id` = `data_chart`.`id` AND `checkoout`.`date` = `data_chart`.`date`
JOIN `karyawan` ON `checkoout`.`karyawan` = `karyawan`.`name`
WHERE `checkoout`.`id` = \'data_chart.id\'
AND `checkoout`.`tanggal` = \'data_chart.date\'')
 3 SYSTEMPATH\Database\BaseConnection.php(606): CodeIgniter\Database\BaseConnection->simpleQuery('SELECT `checkoout`.*, `data_chart`.*, `karyawan`.*
FROM `checkoout`
JOIN `data_chart` ON `checkoout`.`id` = `data_chart`.`id` AND `checkoout`.`date` = `data_chart`.`date`
JOIN `karyawan` ON `checkoout`.`karyawan` = `karyawan`.`name`
WHERE `checkoout`.`id` = \'data_chart.id\'
AND `checkoout`.`tanggal` = \'data_chart.date\'')
 4 SYSTEMPATH\Database\BaseBuilder.php(1616): CodeIgniter\Database\BaseConnection->query('SELECT `checkoout`.*, `data_chart`.*, `karyawan`.*
FROM `checkoout`
JOIN `data_chart` ON `checkoout`.`id` = `data_chart`.`id` AND `checkoout`.`date` = `data_chart`.`date`
JOIN `karyawan` ON `checkoout`.`karyawan` = `karyawan`.`name`
WHERE `checkoout`.`id` = :checkoout.id:
AND `checkoout`.`tanggal` = :checkoout.tanggal:', [...], false)
 5 APPPATH\Controllers\Karyawans.php(61): CodeIgniter\Database\BaseBuilder->get()
 6 SYSTEMPATH\CodeIgniter.php(934): App\Controllers\Karyawans->data()
 7 SYSTEMPATH\CodeIgniter.php(499): CodeIgniter\CodeIgniter->runController(Object(App\Controllers\Karyawans))
 8 SYSTEMPATH\CodeIgniter.php(368): CodeIgniter\CodeIgniter->handleRequest(null, Object(Config\Cache), false)
 9 FCPATH\index.php(67): CodeIgniter\CodeIgniter->run()
10 SYSTEMPATH\Commands\Server\rewrite.php(47): require_once('C:\\xampps\\htdocs\\e-commerce-main\\public\\index.php')
INFO - 2023-06-15 17:14:26 --> Session: Class initialized using 'CodeIgniter\Session\Handlers\FileHandler' driver.
INFO - 2023-06-15 17:14:33 --> Session: Class initialized using 'CodeIgniter\Session\Handlers\FileHandler' driver.
INFO - 2023-06-15 17:14:39 --> Session: Class initialized using 'CodeIgniter\Session\Handlers\FileHandler' driver.
INFO - 2023-06-15 17:14:39 --> Session: Class initialized using 'CodeIgniter\Session\Handlers\FileHandler' driver.
INFO - 2023-06-15 17:14:42 --> Session: Class initialized using 'CodeIgniter\Session\Handlers\FileHandler' driver.
CRITICAL - 2023-06-15 17:24:17 --> Undefined array key "name"
in APPPATH\Views\karyawan\index.php on line 27.
 1 APPPATH\Views\karyawan\index.php(27): CodeIgniter\Debug\Exceptions->errorHandler(2, 'Undefined array key "name"', 'C:\\xampps\\htdocs\\e-commerce-main\\app\\Views\\karyawan\\index.php', 27)
 2 SYSTEMPATH\View\View.php(213): include('C:\\xampps\\htdocs\\e-commerce-main\\app\\Views\\karyawan\\index.php')
 3 SYSTEMPATH\View\View.php(216): CodeIgniter\View\View->CodeIgniter\View\{closure}()
 4 SYSTEMPATH\Common.php(1184): CodeIgniter\View\View->render('karyawan/index', [], true)
 5 APPPATH\Controllers\Karyawans.php(26): view('karyawan/index', [...])
 6 SYSTEMPATH\CodeIgniter.php(934): App\Controllers\Karyawans->index()
 7 SYSTEMPATH\CodeIgniter.php(499): CodeIgniter\CodeIgniter->runController(Object(App\Controllers\Karyawans))
 8 SYSTEMPATH\CodeIgniter.php(368): CodeIgniter\CodeIgniter->handleRequest(null, Object(Config\Cache), false)
 9 FCPATH\index.php(67): CodeIgniter\CodeIgniter->run()
10 SYSTEMPATH\Commands\Server\rewrite.php(47): require_once('C:\\xampps\\htdocs\\e-commerce-main\\public\\index.php')
CRITICAL - 2023-06-15 17:24:53 --> Undefined array key "karyawan"
in APPPATH\Views\karyawan\index.php on line 27.
 1 APPPATH\Views\karyawan\index.php(27): CodeIgniter\Debug\Exceptions->errorHandler(2, 'Undefined array key "karyawan"', 'C:\\xampps\\htdocs\\e-commerce-main\\app\\Views\\karyawan\\index.php', 27)
 2 SYSTEMPATH\View\View.php(213): include('C:\\xampps\\htdocs\\e-commerce-main\\app\\Views\\karyawan\\index.php')
 3 SYSTEMPATH\View\View.php(216): CodeIgniter\View\View->CodeIgniter\View\{closure}()
 4 SYSTEMPATH\Common.php(1184): CodeIgniter\View\View->render('karyawan/index', [], true)
 5 APPPATH\Controllers\Karyawans.php(26): view('karyawan/index', [...])
 6 SYSTEMPATH\CodeIgniter.php(934): App\Controllers\Karyawans->index()
 7 SYSTEMPATH\CodeIgniter.php(499): CodeIgniter\CodeIgniter->runController(Object(App\Controllers\Karyawans))
 8 SYSTEMPATH\CodeIgniter.php(368): CodeIgniter\CodeIgniter->handleRequest(null, Object(Config\Cache), false)
 9 FCPATH\index.php(67): CodeIgniter\CodeIgniter->run()
10 SYSTEMPATH\Commands\Server\rewrite.php(47): require_once('C:\\xampps\\htdocs\\e-commerce-main\\public\\index.php')
CRITICAL - 2023-06-15 17:25:22 --> Undefined variable $title
in APPPATH\Views\karyawan\index.php on line 7.
 1 APPPATH\Views\karyawan\index.php(7): CodeIgniter\Debug\Exceptions->errorHandler(2, 'Undefined variable $title', 'C:\\xampps\\htdocs\\e-commerce-main\\app\\Views\\karyawan\\index.php', 7)
 2 SYSTEMPATH\View\View.php(213): include('C:\\xampps\\htdocs\\e-commerce-main\\app\\Views\\karyawan\\index.php')
 3 SYSTEMPATH\View\View.php(216): CodeIgniter\View\View->CodeIgniter\View\{closure}()
 4 SYSTEMPATH\Common.php(1184): CodeIgniter\View\View->render('karyawan/index', [], true)
 5 APPPATH\Controllers\Karyawans.php(26): view('karyawan/index', [...])
 6 SYSTEMPATH\CodeIgniter.php(934): App\Controllers\Karyawans->index()
 7 SYSTEMPATH\CodeIgniter.php(499): CodeIgniter\CodeIgniter->runController(Object(App\Controllers\Karyawans))
 8 SYSTEMPATH\CodeIgniter.php(368): CodeIgniter\CodeIgniter->handleRequest(null, Object(Config\Cache), false)
 9 FCPATH\index.php(67): CodeIgniter\CodeIgniter->run()
10 SYSTEMPATH\Commands\Server\rewrite.php(47): require_once('C:\\xampps\\htdocs\\e-commerce-main\\public\\index.php')
CRITICAL - 2023-06-15 17:25:37 --> Undefined variable $karyawan
in APPPATH\Views\karyawan\index.php on line 23.
 1 APPPATH\Views\karyawan\index.php(23): CodeIgniter\Debug\Exceptions->errorHandler(2, 'Undefined variable $karyawan', 'C:\\xampps\\htdocs\\e-commerce-main\\app\\Views\\karyawan\\index.php', 23)
 2 SYSTEMPATH\View\View.php(213): include('C:\\xampps\\htdocs\\e-commerce-main\\app\\Views\\karyawan\\index.php')
 3 SYSTEMPATH\View\View.php(216): CodeIgniter\View\View->CodeIgniter\View\{closure}()
 4 SYSTEMPATH\Common.php(1184): CodeIgniter\View\View->render('karyawan/index', [], true)
 5 APPPATH\Controllers\Karyawans.php(26): view('karyawan/index', [...])
 6 SYSTEMPATH\CodeIgniter.php(934): App\Controllers\Karyawans->index()
 7 SYSTEMPATH\CodeIgniter.php(499): CodeIgniter\CodeIgniter->runController(Object(App\Controllers\Karyawans))
 8 SYSTEMPATH\CodeIgniter.php(368): CodeIgniter\CodeIgniter->handleRequest(null, Object(Config\Cache), false)
 9 FCPATH\index.php(67): CodeIgniter\CodeIgniter->run()
10 SYSTEMPATH\Commands\Server\rewrite.php(47): require_once('C:\\xampps\\htdocs\\e-commerce-main\\public\\index.php')
CRITICAL - 2023-06-15 17:27:42 --> Undefined variable $datas
in APPPATH\Views\karyawan\index.php on line 27.
 1 APPPATH\Views\karyawan\index.php(27): CodeIgniter\Debug\Exceptions->errorHandler(2, 'Undefined variable $datas', 'C:\\xampps\\htdocs\\e-commerce-main\\app\\Views\\karyawan\\index.php', 27)
 2 SYSTEMPATH\View\View.php(213): include('C:\\xampps\\htdocs\\e-commerce-main\\app\\Views\\karyawan\\index.php')
 3 SYSTEMPATH\View\View.php(216): CodeIgniter\View\View->CodeIgniter\View\{closure}()
 4 SYSTEMPATH\Common.php(1184): CodeIgniter\View\View->render('karyawan/index', [...], true)
 5 APPPATH\Controllers\Karyawans.php(26): view('karyawan/index', [...], [...])
 6 SYSTEMPATH\CodeIgniter.php(934): App\Controllers\Karyawans->index()
 7 SYSTEMPATH\CodeIgniter.php(499): CodeIgniter\CodeIgniter->runController(Object(App\Controllers\Karyawans))
 8 SYSTEMPATH\CodeIgniter.php(368): CodeIgniter\CodeIgniter->handleRequest(null, Object(Config\Cache), false)
 9 FCPATH\index.php(67): CodeIgniter\CodeIgniter->run()
10 SYSTEMPATH\Commands\Server\rewrite.php(47): require_once('C:\\xampps\\htdocs\\e-commerce-main\\public\\index.php')
CRITICAL - 2023-06-15 17:28:41 --> Cannot use object of type stdClass as array
in APPPATH\Views\karyawan\index.php on line 28.
 1 SYSTEMPATH\View\View.php(213): include()
 2 SYSTEMPATH\View\View.php(216): CodeIgniter\View\View->CodeIgniter\View\{closure}()
 3 SYSTEMPATH\Common.php(1184): CodeIgniter\View\View->render('karyawan/index', [], true)
 4 APPPATH\Controllers\Karyawans.php(26): view('karyawan/index', [...])
 5 SYSTEMPATH\CodeIgniter.php(934): App\Controllers\Karyawans->index()
 6 SYSTEMPATH\CodeIgniter.php(499): CodeIgniter\CodeIgniter->runController(Object(App\Controllers\Karyawans))
 7 SYSTEMPATH\CodeIgniter.php(368): CodeIgniter\CodeIgniter->handleRequest(null, Object(Config\Cache), false)
 8 FCPATH\index.php(67): CodeIgniter\CodeIgniter->run()
 9 SYSTEMPATH\Commands\Server\rewrite.php(47): require_once('C:\\xampps\\htdocs\\e-commerce-main\\public\\index.php')
INFO - 2023-06-15 17:28:57 --> Session: Class initialized using 'CodeIgniter\Session\Handlers\FileHandler' driver.
INFO - 2023-06-15 17:29:55 --> Session: Class initialized using 'CodeIgniter\Session\Handlers\FileHandler' driver.
INFO - 2023-06-15 17:30:40 --> Session: Class initialized using 'CodeIgniter\Session\Handlers\FileHandler' driver.
INFO - 2023-06-15 17:30:51 --> Session: Class initialized using 'CodeIgniter\Session\Handlers\FileHandler' driver.
INFO - 2023-06-15 17:31:21 --> Session: Class initialized using 'CodeIgniter\Session\Handlers\FileHandler' driver.
INFO - 2023-06-15 17:31:41 --> Session: Class initialized using 'CodeIgniter\Session\Handlers\FileHandler' driver.
INFO - 2023-06-15 17:31:44 --> Session: Class initialized using 'CodeIgniter\Session\Handlers\FileHandler' driver.
INFO - 2023-06-15 17:31:56 --> Session: Class initialized using 'CodeIgniter\Session\Handlers\FileHandler' driver.
ERROR - 2023-06-15 17:42:13 --> mysqli_sql_exception: Unknown column 'nama_barang' in 'field list' in C:\xampps\htdocs\e-commerce-main\vendor\codeigniter4\framework\system\Database\MySQLi\Connection.php:295
Stack trace:
#0 C:\xampps\htdocs\e-commerce-main\vendor\codeigniter4\framework\system\Database\MySQLi\Connection.php(295): mysqli->query('SELECT `nama_ba...', 0)
#1 C:\xampps\htdocs\e-commerce-main\vendor\codeigniter4\framework\system\Database\BaseConnection.php(692): CodeIgniter\Database\MySQLi\Connection->execute('SELECT `nama_ba...')
#2 C:\xampps\htdocs\e-commerce-main\vendor\codeigniter4\framework\system\Database\BaseConnection.php(606): CodeIgniter\Database\BaseConnection->simpleQuery('SELECT `nama_ba...')
#3 C:\xampps\htdocs\e-commerce-main\vendor\codeigniter4\framework\system\Database\BaseBuilder.php(1616): CodeIgniter\Database\BaseConnection->query('SELECT `nama_ba...', Array, false)
#4 C:\xampps\htdocs\e-commerce-main\app\Controllers\Karyawans.php(86): CodeIgniter\Database\BaseBuilder->get()
#5 C:\xampps\htdocs\e-commerce-main\vendor\codeigniter4\framework\system\CodeIgniter.php(934): App\Controllers\Karyawans->data()
#6 C:\xampps\htdocs\e-commerce-main\vendor\codeigniter4\framework\system\CodeIgniter.php(499): CodeIgniter\CodeIgniter->runController(Object(App\Controllers\Karyawans))
#7 C:\xampps\htdocs\e-commerce-main\vendor\codeigniter4\framework\system\CodeIgniter.php(368): CodeIgniter\CodeIgniter->handleRequest(NULL, Object(Config\Cache), false)
#8 C:\xampps\htdocs\e-commerce-main\public\index.php(67): CodeIgniter\CodeIgniter->run()
#9 C:\xampps\htdocs\e-commerce-main\vendor\codeigniter4\framework\system\Commands\Server\rewrite.php(47): require_once('C:\\xampps\\htdoc...')
#10 {main}
CRITICAL - 2023-06-15 17:42:13 --> Unknown column 'nama_barang' in 'field list'
in SYSTEMPATH\Database\MySQLi\Connection.php on line 295.
 1 SYSTEMPATH\Database\MySQLi\Connection.php(295): mysqli->query('SELECT `nama_barang`, SUM(quantity) AS total_quantity
FROM `data_chart`
GROUP BY `nama_barang`', 0)
 2 SYSTEMPATH\Database\BaseConnection.php(692): CodeIgniter\Database\MySQLi\Connection->execute('SELECT `nama_barang`, SUM(quantity) AS total_quantity
FROM `data_chart`
GROUP BY `nama_barang`')
 3 SYSTEMPATH\Database\BaseConnection.php(606): CodeIgniter\Database\BaseConnection->simpleQuery('SELECT `nama_barang`, SUM(quantity) AS total_quantity
FROM `data_chart`
GROUP BY `nama_barang`')
 4 SYSTEMPATH\Database\BaseBuilder.php(1616): CodeIgniter\Database\BaseConnection->query('SELECT `nama_barang`, SUM(quantity) AS total_quantity
FROM `data_chart`
GROUP BY `nama_barang`', [], false)
 5 APPPATH\Controllers\Karyawans.php(86): CodeIgniter\Database\BaseBuilder->get()
 6 SYSTEMPATH\CodeIgniter.php(934): App\Controllers\Karyawans->data()
 7 SYSTEMPATH\CodeIgniter.php(499): CodeIgniter\CodeIgniter->runController(Object(App\Controllers\Karyawans))
 8 SYSTEMPATH\CodeIgniter.php(368): CodeIgniter\CodeIgniter->handleRequest(null, Object(Config\Cache), false)
 9 FCPATH\index.php(67): CodeIgniter\CodeIgniter->run()
10 SYSTEMPATH\Commands\Server\rewrite.php(47): require_once('C:\\xampps\\htdocs\\e-commerce-main\\public\\index.php')
CRITICAL - 2023-06-15 17:58:40 --> Invalid file: "your_view.php"
in SYSTEMPATH\Exceptions\FrameworkException.php on line 33.
 1 SYSTEMPATH\View\View.php(201): CodeIgniter\Exceptions\FrameworkException::forInvalidFile('your_view.php')
 2 SYSTEMPATH\Common.php(1184): CodeIgniter\View\View->render('your_view', [], true)
 3 APPPATH\Controllers\Karyawans.php(133): view('your_view', [...])
 4 SYSTEMPATH\CodeIgniter.php(934): App\Controllers\Karyawans->generatePDF()
 5 SYSTEMPATH\CodeIgniter.php(499): CodeIgniter\CodeIgniter->runController(Object(App\Controllers\Karyawans))
 6 SYSTEMPATH\CodeIgniter.php(368): CodeIgniter\CodeIgniter->handleRequest(null, Object(Config\Cache), false)
 7 FCPATH\index.php(67): CodeIgniter\CodeIgniter->run()
 8 SYSTEMPATH\Commands\Server\rewrite.php(47): require_once('C:\\xampps\\htdocs\\e-commerce-main\\public\\index.php')
